(---------------------------------------------------------------------)
(                                                                     )
(    Allegro Netrev Import Logic                                      )
(                                                                     )
(    Drawing          : LEXICON_GLOVE2_9.brd                          )
(    Software Version : 17.2S055                                      )
(    Date/Time        : Mon Mar 09 13:43:41 2020                      )
(                                                                     )
(---------------------------------------------------------------------)


------ Directives ------------

Ripup etch:                  No
Ripup delete first segment:  No
Ripup retain bondwire:       No
Ripup symbols:               Always
Missing symbol has error:    No
DRC update:                  Yes
Schematic directory:         'H:\UNIVERSITY\REAL TIME EMBEDDED PROG 5\SENSOR_PCB\allegro'
Design Directory:            'H:/UNIVERSITY/REAL TIME EMBEDDED PROG 5/SENSOR_PCB/allegro'
Old design name:             'H:/University/Real Time Embedded Prog 5/sensor_pcb/allegro/LEXICON_GLOVE2_9.brd'
New design name:             'H:/UNIVERSITY/REAL TIME EMBEDDED PROG 5/SENSOR_PCB/allegro/LEXICON_GLOVE2_10.brd'

CmdLine: netrev.exe -y 1 -i H:\UNIVERSITY\REAL TIME EMBEDDED PROG 5\SENSOR_PCB\allegro H:\University\Real Time Embedded Prog 5\sensor_pcb\allegro\LEXICON_GLOVE2_9.brd H:\UNIVERSITY\REAL TIME EMBEDDED PROG 5\SENSOR_PCB\allegro\LEXICON_GLOVE2_10.brd

------ Preparing to read pst files ------

Starting to read H:/UNIVERSITY/REAL TIME EMBEDDED PROG 5/SENSOR_PCB/allegro/pstchip.dat 
   Finished reading H:/UNIVERSITY/REAL TIME EMBEDDED PROG 5/SENSOR_PCB/allegro/pstchip.dat (00:00:00.06)
Starting to read H:/UNIVERSITY/REAL TIME EMBEDDED PROG 5/SENSOR_PCB/allegro/pstxprt.dat 
   Finished reading H:/UNIVERSITY/REAL TIME EMBEDDED PROG 5/SENSOR_PCB/allegro/pstxprt.dat (00:00:00.00)
Starting to read H:/UNIVERSITY/REAL TIME EMBEDDED PROG 5/SENSOR_PCB/allegro/pstxnet.dat 
   Finished reading H:/UNIVERSITY/REAL TIME EMBEDDED PROG 5/SENSOR_PCB/allegro/pstxnet.dat (00:00:00.00)

------ Oversights/Warnings/Errors ------


------ Library Paths ------
MODULEPATH =  . 
           c:/cadence/spb_17.2/share/local/pcb/modules 

PSMPATH =  Q:/allegro/PCB_LIB/symbols/ 
           . 
           symbols 
           .. 
           ../symbols 
           c:/cadence/spb_17.2/share/local/pcb/symbols 
           c:/cadence/spb_17.2/share/pcb/pcb_lib/symbols 
           c:/cadence/spb_17.2/share/pcb/allegrolib/symbols 

PADPATH =  Q:/allegro/PCB_LIB/padstacks/ 
           . 
           symbols 
           .. 
           ../symbols 
           c:/cadence/spb_17.2/share/local/pcb/padstacks 
           c:/cadence/spb_17.2/share/pcb/pcb_lib/symbols 
           c:/cadence/spb_17.2/share/pcb/allegrolib/symbols 


------ Summary Statistics ------


netrev run on Mar 9 13:43:41 2020
   DESIGN NAME : 'LEXICON_GLOVE2'
   PACKAGING ON May 11 2019 05:12:43

   COMPILE 'logic'
   CHECK_PIN_NAMES OFF
   CROSS_REFERENCE OFF
   FEEDBACK OFF
   INCREMENTAL OFF
   INTERFACE_TYPE PHYSICAL
   MAX_ERRORS 500
   MERGE_MINIMUM 5
   NET_NAME_CHARS '#%&()*+-./:=>?@[]^_`|'
   NET_NAME_LENGTH 24
   OVERSIGHTS ON
   REPLACE_CHECK OFF
   SINGLE_NODE_NETS ON
   SPLIT_MINIMUM 0
   SUPPRESS   20
   WARNINGS ON

 No error detected
 No oversight detected
 No warning detected

cpu time      0:03:28
elapsed time  0:00:02

